Next batch: mastersystem
Rate limited while fetching genres; continuing with an empty lookup table.
Rate limited while fetching developers; continuing with an empty lookup table.
Rate limited while fetching publishers; continuing with an empty lookup table.
Fetching Master System (mastersystem)...
Rate limited while fetching Master System (mastersystem); keeping the systems already fetched in this run.
Wrote 3 systems and 4477 games to /Users/anthonybrano/Dropbox/AJB/videogame-atlas/data/raw/thegamesdb-catalog.json (0 systems fetched this run)
Wrote publish bundle to /Users/anthonybrano/Dropbox/AJB/videogame-atlas/docs
Preserved remote box-art URLs; no local box-art directory was created.
Open /Users/anthonybrano/Dropbox/AJB/videogame-atlas/docs/index.html
Batch complete. Waiting 20.0 minutes before the next batch.
Next batch: mastersystem
Rate limited while fetching genres; continuing with an empty lookup table.
Rate limited while fetching developers; continuing with an empty lookup table.
Rate limited while fetching publishers; continuing with an empty lookup table.
Fetching Master System (mastersystem)...
Rate limited while fetching Master System (mastersystem); keeping the systems already fetched in this run.
Wrote 3 systems and 4477 games to /Users/anthonybrano/Dropbox/AJB/videogame-atlas/data/raw/thegamesdb-catalog.json (0 systems fetched this run)
Wrote publish bundle to /Users/anthonybrano/Dropbox/AJB/videogame-atlas/docs
Preserved remote box-art URLs; no local box-art directory was created.
Open /Users/anthonybrano/Dropbox/AJB/videogame-atlas/docs/index.html
Batch complete. Waiting 20.0 minutes before the next batch.
Next batch: mastersystem
Rate limited while fetching genres; continuing with an empty lookup table.
Rate limited while fetching developers; continuing with an empty lookup table.
Rate limited while fetching publishers; continuing with an empty lookup table.
Fetching Master System (mastersystem)...
Rate limited while fetching Master System (mastersystem); keeping the systems already fetched in this run.
Wrote 3 systems and 4477 games to /Users/anthonybrano/Dropbox/AJB/videogame-atlas/data/raw/thegamesdb-catalog.json (0 systems fetched this run)
Wrote publish bundle to /Users/anthonybrano/Dropbox/AJB/videogame-atlas/docs
Preserved remote box-art URLs; no local box-art directory was created.
Open /Users/anthonybrano/Dropbox/AJB/videogame-atlas/docs/index.html
Batch complete. Waiting 20.0 minutes before the next batch.
Next batch: mastersystem
Rate limited while fetching genres; continuing with an empty lookup table.
Rate limited while fetching developers; continuing with an empty lookup table.
Rate limited while fetching publishers; continuing with an empty lookup table.
Fetching Master System (mastersystem)...
Rate limited while fetching Master System (mastersystem); keeping the systems already fetched in this run.
Wrote 3 systems and 4477 games to /Users/anthonybrano/Dropbox/AJB/videogame-atlas/data/raw/thegamesdb-catalog.json (0 systems fetched this run)
Wrote publish bundle to /Users/anthonybrano/Dropbox/AJB/videogame-atlas/docs
Preserved remote box-art URLs; no local box-art directory was created.
Open /Users/anthonybrano/Dropbox/AJB/videogame-atlas/docs/index.html
Batch complete. Waiting 20.0 minutes before the next batch.
Next batch: mastersystem
Rate limited while fetching genres; continuing with an empty lookup table.
Rate limited while fetching developers; continuing with an empty lookup table.
Rate limited while fetching publishers; continuing with an empty lookup table.
Fetching Master System (mastersystem)...
Rate limited while fetching Master System (mastersystem); keeping the systems already fetched in this run.
Wrote 3 systems and 4477 games to /Users/anthonybrano/Dropbox/AJB/videogame-atlas/data/raw/thegamesdb-catalog.json (0 systems fetched this run)
Wrote publish bundle to /Users/anthonybrano/Dropbox/AJB/videogame-atlas/docs
Preserved remote box-art URLs; no local box-art directory was created.
Open /Users/anthonybrano/Dropbox/AJB/videogame-atlas/docs/index.html
Batch complete. Waiting 20.0 minutes before the next batch.
Next batch: mastersystem
Rate limited while fetching genres; continuing with an empty lookup table.
Rate limited while fetching developers; continuing with an empty lookup table.
Rate limited while fetching publishers; continuing with an empty lookup table.
Fetching Master System (mastersystem)...
Rate limited while fetching Master System (mastersystem); keeping the systems already fetched in this run.
Wrote 3 systems and 4477 games to /Users/anthonybrano/Dropbox/AJB/videogame-atlas/data/raw/thegamesdb-catalog.json (0 systems fetched this run)
Wrote publish bundle to /Users/anthonybrano/Dropbox/AJB/videogame-atlas/docs
Preserved remote box-art URLs; no local box-art directory was created.
Open /Users/anthonybrano/Dropbox/AJB/videogame-atlas/docs/index.html
Batch complete. Waiting 20.0 minutes before the next batch.
Next batch: mastersystem
Rate limited while fetching genres; continuing with an empty lookup table.
Rate limited while fetching developers; continuing with an empty lookup table.
Rate limited while fetching publishers; continuing with an empty lookup table.
Fetching Master System (mastersystem)...
Rate limited while fetching Master System (mastersystem); keeping the systems already fetched in this run.
Wrote 3 systems and 4477 games to /Users/anthonybrano/Dropbox/AJB/videogame-atlas/data/raw/thegamesdb-catalog.json (0 systems fetched this run)
Wrote publish bundle to /Users/anthonybrano/Dropbox/AJB/videogame-atlas/docs
Preserved remote box-art URLs; no local box-art directory was created.
Open /Users/anthonybrano/Dropbox/AJB/videogame-atlas/docs/index.html
Batch complete. Waiting 20.0 minutes before the next batch.
Next batch: mastersystem
Rate limited while fetching genres; continuing with an empty lookup table.
Rate limited while fetching developers; continuing with an empty lookup table.
Rate limited while fetching publishers; continuing with an empty lookup table.
Fetching Master System (mastersystem)...
Rate limited while fetching Master System (mastersystem); keeping the systems already fetched in this run.
Wrote 3 systems and 4477 games to /Users/anthonybrano/Dropbox/AJB/videogame-atlas/data/raw/thegamesdb-catalog.json (0 systems fetched this run)
Wrote publish bundle to /Users/anthonybrano/Dropbox/AJB/videogame-atlas/docs
Preserved remote box-art URLs; no local box-art directory was created.
Open /Users/anthonybrano/Dropbox/AJB/videogame-atlas/docs/index.html
Batch complete. Waiting 20.0 minutes before the next batch.
Next batch: mastersystem
Rate limited while fetching genres; continuing with an empty lookup table.
Rate limited while fetching developers; continuing with an empty lookup table.
Rate limited while fetching publishers; continuing with an empty lookup table.
Fetching Master System (mastersystem)...
Rate limited while fetching Master System (mastersystem); keeping the systems already fetched in this run.
Wrote 3 systems and 4477 games to /Users/anthonybrano/Dropbox/AJB/videogame-atlas/data/raw/thegamesdb-catalog.json (0 systems fetched this run)
Wrote publish bundle to /Users/anthonybrano/Dropbox/AJB/videogame-atlas/docs
Preserved remote box-art URLs; no local box-art directory was created.
Open /Users/anthonybrano/Dropbox/AJB/videogame-atlas/docs/index.html
Batch complete. Waiting 20.0 minutes before the next batch.
Next batch: mastersystem
Rate limited while fetching genres; continuing with an empty lookup table.
Rate limited while fetching developers; continuing with an empty lookup table.
Rate limited while fetching publishers; continuing with an empty lookup table.
Fetching Master System (mastersystem)...
Rate limited while fetching Master System (mastersystem); keeping the systems already fetched in this run.
Wrote 3 systems and 4477 games to /Users/anthonybrano/Dropbox/AJB/videogame-atlas/data/raw/thegamesdb-catalog.json (0 systems fetched this run)
Wrote publish bundle to /Users/anthonybrano/Dropbox/AJB/videogame-atlas/docs
Preserved remote box-art URLs; no local box-art directory was created.
Open /Users/anthonybrano/Dropbox/AJB/videogame-atlas/docs/index.html
Batch complete. Waiting 20.0 minutes before the next batch.
Next batch: mastersystem
Rate limited while fetching genres; continuing with an empty lookup table.
Rate limited while fetching developers; continuing with an empty lookup table.
Rate limited while fetching publishers; continuing with an empty lookup table.
Fetching Master System (mastersystem)...
Rate limited while fetching Master System (mastersystem); keeping the systems already fetched in this run.
Wrote 3 systems and 4477 games to /Users/anthonybrano/Dropbox/AJB/videogame-atlas/data/raw/thegamesdb-catalog.json (0 systems fetched this run)
Wrote publish bundle to /Users/anthonybrano/Dropbox/AJB/videogame-atlas/docs
Preserved remote box-art URLs; no local box-art directory was created.
Open /Users/anthonybrano/Dropbox/AJB/videogame-atlas/docs/index.html
Batch complete. Waiting 20.0 minutes before the next batch.
Next batch: mastersystem
Rate limited while fetching genres; continuing with an empty lookup table.
Rate limited while fetching developers; continuing with an empty lookup table.
Rate limited while fetching publishers; continuing with an empty lookup table.
Fetching Master System (mastersystem)...
Rate limited while fetching Master System (mastersystem); keeping the systems already fetched in this run.
Wrote 3 systems and 4477 games to /Users/anthonybrano/Dropbox/AJB/videogame-atlas/data/raw/thegamesdb-catalog.json (0 systems fetched this run)
Wrote publish bundle to /Users/anthonybrano/Dropbox/AJB/videogame-atlas/docs
Preserved remote box-art URLs; no local box-art directory was created.
Open /Users/anthonybrano/Dropbox/AJB/videogame-atlas/docs/index.html
Batch complete. Waiting 20.0 minutes before the next batch.
Next batch: mastersystem
Rate limited while fetching genres; continuing with an empty lookup table.
Rate limited while fetching developers; continuing with an empty lookup table.
Rate limited while fetching publishers; continuing with an empty lookup table.
Fetching Master System (mastersystem)...
Rate limited while fetching Master System (mastersystem); keeping the systems already fetched in this run.
Wrote 3 systems and 4477 games to /Users/anthonybrano/Dropbox/AJB/videogame-atlas/data/raw/thegamesdb-catalog.json (0 systems fetched this run)
Wrote publish bundle to /Users/anthonybrano/Dropbox/AJB/videogame-atlas/docs
Preserved remote box-art URLs; no local box-art directory was created.
Open /Users/anthonybrano/Dropbox/AJB/videogame-atlas/docs/index.html
Batch complete. Waiting 20.0 minutes before the next batch.
Next batch: mastersystem
Rate limited while fetching genres; continuing with an empty lookup table.
Rate limited while fetching developers; continuing with an empty lookup table.
Rate limited while fetching publishers; continuing with an empty lookup table.
Fetching Master System (mastersystem)...
Rate limited while fetching Master System (mastersystem); keeping the systems already fetched in this run.
Wrote 3 systems and 4477 games to /Users/anthonybrano/Dropbox/AJB/videogame-atlas/data/raw/thegamesdb-catalog.json (0 systems fetched this run)
Wrote publish bundle to /Users/anthonybrano/Dropbox/AJB/videogame-atlas/docs
Preserved remote box-art URLs; no local box-art directory was created.
Open /Users/anthonybrano/Dropbox/AJB/videogame-atlas/docs/index.html
Batch complete. Waiting 20.0 minutes before the next batch.
Next batch: mastersystem
Rate limited while fetching genres; continuing with an empty lookup table.
Rate limited while fetching developers; continuing with an empty lookup table.
Rate limited while fetching publishers; continuing with an empty lookup table.
Fetching Master System (mastersystem)...
Rate limited while fetching Master System (mastersystem); keeping the systems already fetched in this run.
Wrote 3 systems and 4477 games to /Users/anthonybrano/Dropbox/AJB/videogame-atlas/data/raw/thegamesdb-catalog.json (0 systems fetched this run)
Wrote publish bundle to /Users/anthonybrano/Dropbox/AJB/videogame-atlas/docs
Preserved remote box-art URLs; no local box-art directory was created.
Open /Users/anthonybrano/Dropbox/AJB/videogame-atlas/docs/index.html
Batch complete. Waiting 20.0 minutes before the next batch.
Stopping because the configured max-hours window has been reached.
